<?xml version="1.0" encoding="UTF-8"?>
<!-- Generated by org.testng.reporters.JUnitReportReporter -->
<testsuite hostname="PC335187" name="com.cucumber.example.MavenTestClass" tests="1" failures="0" timestamp="2 Nov 2017 12:50:27 GMT" time="12.057" errors="0">
  <testcase name="launchChromeBrowser" time="12.057" classname="com.cucumber.example.MavenTestClass"/>
</testsuite>
