<?xml version="1.0" encoding="UTF-8"?>
<!-- Generated by org.testng.reporters.JUnitReportReporter -->
<testsuite hostname="PC335187" name="com.cucumber.runner.ChromeRunner" tests="1" failures="0" timestamp="2 Nov 2017 12:50:27 GMT" time="40.083" errors="0">
  <testcase name="run_cukes" time="40.083" classname="com.cucumber.runner.ChromeRunner"/>
</testsuite>
