<?xml version="1.0" encoding="UTF-8"?>
<!-- Generated by org.testng.reporters.JUnitReportReporter -->
<testsuite hostname="PC335187" name="automationFramework.MultiBrowser" tests="2" failures="0" timestamp="9 Nov 2017 14:19:37 GMT" time="12.445" errors="0">
  <testcase name="login" time="5.874" classname="automationFramework.MultiBrowser"/>
  <testcase name="login" time="6.571" classname="automationFramework.MultiBrowser"/>
</testsuite>
