<?xml version="1.0" encoding="UTF-8"?>
<!-- Generated by org.testng.reporters.JUnitReportReporter -->
<testsuite hostname="PC335187" name="com.cucumber.example.JunitTestClassRunner" tests="1" failures="0" timestamp="2 Nov 2017 11:35:44 GMT" time="13.700" errors="0">
  <testcase name="print" time="13.700" classname="com.cucumber.example.JunitTestClassRunner"/>
</testsuite> <!-- com.cucumber.example.JunitTestClassRunner -->
