<?xml version="1.0" encoding="UTF-8"?>
<!-- Generated by org.testng.reporters.JUnitReportReporter -->
<testsuite hostname="PC335187" name="com.cucumber.runner.JunitTestClassRunner" tests="1" failures="0" timestamp="8 Nov 2017 14:12:50 GMT" time="30.464" errors="0">
  <testcase name="print" time="30.464" classname="com.cucumber.runner.JunitTestClassRunner"/>
</testsuite> <!-- com.cucumber.runner.JunitTestClassRunner -->
